[2020-08-01 15:16:27.117] [exthost] [info] extension host started
[2020-08-01 15:16:27.534] [exthost] [info] ExtensionService#_doActivateExtension vscode.debug-auto-launch {"startup":true,"extensionId":{"value":"vscode.debug-auto-launch","_lower":"vscode.debug-auto-launch"},"activationEvent":"*"}
[2020-08-01 15:16:27.535] [exthost] [info] ExtensionService#loadCommonJSModule file:///home/hujk/.cshub/lib/vscode/extensions/debug-auto-launch/dist/extension
[2020-08-01 15:16:27.554] [exthost] [info] ExtensionService#_doActivateExtension vscode.emmet {"startup":true,"extensionId":{"value":"vscode.emmet","_lower":"vscode.emmet"},"activationEvent":"*"}
[2020-08-01 15:16:27.554] [exthost] [info] ExtensionService#loadCommonJSModule file:///home/hujk/.cshub/lib/vscode/extensions/emmet/dist/extension
[2020-08-01 15:16:27.653] [exthost] [info] ExtensionService#_doActivateExtension vscode.git {"startup":true,"extensionId":{"value":"vscode.git","_lower":"vscode.git"},"activationEvent":"*"}
[2020-08-01 15:16:27.653] [exthost] [info] ExtensionService#loadCommonJSModule file:///home/hujk/.cshub/lib/vscode/extensions/git/dist/main
[2020-08-01 15:16:27.889] [exthost] [info] ExtensionService#_doActivateExtension vscode.github-authentication {"startup":true,"extensionId":{"value":"vscode.github-authentication","_lower":"vscode.github-authentication"},"activationEvent":"*"}
[2020-08-01 15:16:27.889] [exthost] [info] ExtensionService#loadCommonJSModule file:///home/hujk/.cshub/lib/vscode/extensions/github-authentication/dist/extension.js
[2020-08-01 15:16:27.941] [exthost] [info] ExtensionService#_doActivateExtension vscode.merge-conflict {"startup":true,"extensionId":{"value":"vscode.merge-conflict","_lower":"vscode.merge-conflict"},"activationEvent":"*"}
[2020-08-01 15:16:27.941] [exthost] [info] ExtensionService#loadCommonJSModule file:///home/hujk/.cshub/lib/vscode/extensions/merge-conflict/dist/extension
[2020-08-01 15:16:27.952] [exthost] [info] ExtensionService#_doActivateExtension vscode.search-result {"startup":true,"extensionId":{"value":"vscode.search-result","_lower":"vscode.search-result"},"activationEvent":"*"}
[2020-08-01 15:16:27.952] [exthost] [info] ExtensionService#loadCommonJSModule file:///home/hujk/.cshub/lib/vscode/extensions/search-result/dist/extension.js
[2020-08-01 15:16:27.955] [exthost] [info] ExtensionService#_doActivateExtension vscode.vscode-account {"startup":true,"extensionId":{"value":"vscode.vscode-account","_lower":"vscode.vscode-account"},"activationEvent":"*"}
[2020-08-01 15:16:27.955] [exthost] [info] ExtensionService#loadCommonJSModule file:///home/hujk/.cshub/lib/vscode/extensions/vscode-account/dist/extension.js
[2020-08-01 15:16:27.997] [exthost] [info] eager extensions activated
[2020-08-01 15:20:31.524] [exthost] [info] ExtensionService#_doActivateExtension vscode.configuration-editing {"startup":false,"extensionId":{"value":"vscode.configuration-editing","_lower":"vscode.configuration-editing"},"activationEvent":"onLanguage:jsonc"}
[2020-08-01 15:20:31.562] [exthost] [info] ExtensionService#loadCommonJSModule file:///home/hujk/.cshub/lib/vscode/extensions/configuration-editing/dist/extension
[2020-08-01 15:20:31.805] [exthost] [info] ExtensionService#_doActivateExtension vscode.json-language-features {"startup":false,"extensionId":{"value":"vscode.json-language-features","_lower":"vscode.json-language-features"},"activationEvent":"onLanguage:jsonc"}
[2020-08-01 15:20:31.805] [exthost] [info] ExtensionService#loadCommonJSModule file:///home/hujk/.cshub/lib/vscode/extensions/json-language-features/client/dist/jsonMain
[2020-08-01 15:20:32.420] [exthost] [info] ExtensionService#_doActivateExtension vscode.typescript-language-features {"startup":false,"extensionId":{"value":"vscode.typescript-language-features","_lower":"vscode.typescript-language-features"},"activationEvent":"onLanguage:jsonc"}
[2020-08-01 15:20:32.420] [exthost] [info] ExtensionService#loadCommonJSModule file:///home/hujk/.cshub/lib/vscode/extensions/typescript-language-features/dist/extension
