[2020-08-03 11:07:43.726] [exthost] [info] extension host started
[2020-08-03 11:07:43.750] [exthost] [info] ExtensionService#_doActivateExtension vscode.markdown-language-features {"startup":false,"extensionId":{"value":"vscode.markdown-language-features","_lower":"vscode.markdown-language-features"},"activationEvent":"onCustomEditor:vscode.markdown.preview.editor"}
[2020-08-03 11:07:43.751] [exthost] [info] ExtensionService#loadCommonJSModule file:///root/.cshub/lib/vscode/extensions/markdown-language-features/dist/extension
[2020-08-03 11:07:43.773] [exthost] [info] ExtensionService#_doActivateExtension vscode.debug-auto-launch {"startup":true,"extensionId":{"value":"vscode.debug-auto-launch","_lower":"vscode.debug-auto-launch"},"activationEvent":"*"}
[2020-08-03 11:07:43.773] [exthost] [info] ExtensionService#loadCommonJSModule file:///root/.cshub/lib/vscode/extensions/debug-auto-launch/dist/extension
[2020-08-03 11:07:43.775] [exthost] [info] ExtensionService#_doActivateExtension vscode.emmet {"startup":true,"extensionId":{"value":"vscode.emmet","_lower":"vscode.emmet"},"activationEvent":"*"}
[2020-08-03 11:07:43.775] [exthost] [info] ExtensionService#loadCommonJSModule file:///root/.cshub/lib/vscode/extensions/emmet/dist/extension
[2020-08-03 11:07:43.794] [exthost] [info] ExtensionService#_doActivateExtension vscode.git {"startup":true,"extensionId":{"value":"vscode.git","_lower":"vscode.git"},"activationEvent":"*"}
[2020-08-03 11:07:43.794] [exthost] [info] ExtensionService#loadCommonJSModule file:///root/.cshub/lib/vscode/extensions/git/dist/main
[2020-08-03 11:07:43.835] [exthost] [info] ExtensionService#_doActivateExtension vscode.github-authentication {"startup":true,"extensionId":{"value":"vscode.github-authentication","_lower":"vscode.github-authentication"},"activationEvent":"*"}
[2020-08-03 11:07:43.835] [exthost] [info] ExtensionService#loadCommonJSModule file:///root/.cshub/lib/vscode/extensions/github-authentication/dist/extension.js
[2020-08-03 11:07:43.844] [exthost] [info] ExtensionService#_doActivateExtension vscode.merge-conflict {"startup":true,"extensionId":{"value":"vscode.merge-conflict","_lower":"vscode.merge-conflict"},"activationEvent":"*"}
[2020-08-03 11:07:43.844] [exthost] [info] ExtensionService#loadCommonJSModule file:///root/.cshub/lib/vscode/extensions/merge-conflict/dist/extension
[2020-08-03 11:07:43.846] [exthost] [info] ExtensionService#_doActivateExtension vscode.search-result {"startup":true,"extensionId":{"value":"vscode.search-result","_lower":"vscode.search-result"},"activationEvent":"*"}
[2020-08-03 11:07:43.846] [exthost] [info] ExtensionService#loadCommonJSModule file:///root/.cshub/lib/vscode/extensions/search-result/dist/extension.js
[2020-08-03 11:07:43.847] [exthost] [info] ExtensionService#_doActivateExtension vscode.vscode-account {"startup":true,"extensionId":{"value":"vscode.vscode-account","_lower":"vscode.vscode-account"},"activationEvent":"*"}
[2020-08-03 11:07:43.847] [exthost] [info] ExtensionService#loadCommonJSModule file:///root/.cshub/lib/vscode/extensions/vscode-account/dist/extension.js
[2020-08-03 11:07:43.855] [exthost] [info] ExtensionService#_doActivateExtension CoenraadS.bracket-pair-colorizer {"startup":true,"extensionId":{"value":"CoenraadS.bracket-pair-colorizer","_lower":"coenraads.bracket-pair-colorizer"},"activationEvent":"*"}
[2020-08-03 11:07:43.856] [exthost] [info] ExtensionService#loadCommonJSModule file:///root/.local/share/code-server/extensions/coenraads.bracket-pair-colorizer-1.0.20/out/src/extension
[2020-08-03 11:07:43.860] [exthost] [info] ExtensionService#_doActivateExtension Equinusocio.vsc-material-theme {"startup":true,"extensionId":{"value":"Equinusocio.vsc-material-theme","_lower":"equinusocio.vsc-material-theme"},"activationEvent":"*"}
[2020-08-03 11:07:43.860] [exthost] [info] ExtensionService#loadCommonJSModule file:///root/.local/share/code-server/extensions/equinusocio.vsc-material-theme-30.0.0/out/src/material.theme.config
[2020-08-03 11:07:43.864] [exthost] [info] ExtensionService#_doActivateExtension oderwat.indent-rainbow {"startup":true,"extensionId":{"value":"oderwat.indent-rainbow","_lower":"oderwat.indent-rainbow"},"activationEvent":"*"}
[2020-08-03 11:07:43.864] [exthost] [info] ExtensionService#loadCommonJSModule file:///root/.local/share/code-server/extensions/oderwat.indent-rainbow-7.4.0/out/extension
[2020-08-03 11:07:43.865] [exthost] [info] ExtensionService#_doActivateExtension PKief.material-icon-theme {"startup":true,"extensionId":{"value":"PKief.material-icon-theme","_lower":"pkief.material-icon-theme"},"activationEvent":"*"}
[2020-08-03 11:07:43.865] [exthost] [info] ExtensionService#loadCommonJSModule file:///root/.local/share/code-server/extensions/pkief.material-icon-theme-4.0.1/dist/extension
[2020-08-03 11:07:43.990] [exthost] [info] eager extensions activated
[2020-08-03 11:07:44.065] [exthost] [info] ExtensionService#_doActivateExtension vscode.extension-editing {"startup":false,"extensionId":{"value":"vscode.extension-editing","_lower":"vscode.extension-editing"},"activationEvent":"onLanguage:markdown"}
[2020-08-03 11:07:44.065] [exthost] [info] ExtensionService#loadCommonJSModule file:///root/.cshub/lib/vscode/extensions/extension-editing/dist/extension
[2020-08-03 12:09:05.015] [exthost] [info] extension host started
[2020-08-03 12:09:05.038] [exthost] [info] ExtensionService#_doActivateExtension vscode.markdown-language-features {"startup":false,"extensionId":{"value":"vscode.markdown-language-features","_lower":"vscode.markdown-language-features"},"activationEvent":"onCustomEditor:vscode.markdown.preview.editor"}
[2020-08-03 12:09:05.038] [exthost] [info] ExtensionService#loadCommonJSModule file:///root/.cshub/lib/vscode/extensions/markdown-language-features/dist/extension
[2020-08-03 12:09:05.062] [exthost] [info] ExtensionService#_doActivateExtension vscode.debug-auto-launch {"startup":true,"extensionId":{"value":"vscode.debug-auto-launch","_lower":"vscode.debug-auto-launch"},"activationEvent":"*"}
[2020-08-03 12:09:05.062] [exthost] [info] ExtensionService#loadCommonJSModule file:///root/.cshub/lib/vscode/extensions/debug-auto-launch/dist/extension
[2020-08-03 12:09:05.064] [exthost] [info] ExtensionService#_doActivateExtension vscode.emmet {"startup":true,"extensionId":{"value":"vscode.emmet","_lower":"vscode.emmet"},"activationEvent":"*"}
[2020-08-03 12:09:05.064] [exthost] [info] ExtensionService#loadCommonJSModule file:///root/.cshub/lib/vscode/extensions/emmet/dist/extension
[2020-08-03 12:09:05.078] [exthost] [info] ExtensionService#_doActivateExtension vscode.git {"startup":true,"extensionId":{"value":"vscode.git","_lower":"vscode.git"},"activationEvent":"*"}
[2020-08-03 12:09:05.078] [exthost] [info] ExtensionService#loadCommonJSModule file:///root/.cshub/lib/vscode/extensions/git/dist/main
[2020-08-03 12:09:05.107] [exthost] [info] ExtensionService#_doActivateExtension vscode.github-authentication {"startup":true,"extensionId":{"value":"vscode.github-authentication","_lower":"vscode.github-authentication"},"activationEvent":"*"}
[2020-08-03 12:09:05.107] [exthost] [info] ExtensionService#loadCommonJSModule file:///root/.cshub/lib/vscode/extensions/github-authentication/dist/extension.js
[2020-08-03 12:09:05.114] [exthost] [info] ExtensionService#_doActivateExtension vscode.merge-conflict {"startup":true,"extensionId":{"value":"vscode.merge-conflict","_lower":"vscode.merge-conflict"},"activationEvent":"*"}
[2020-08-03 12:09:05.114] [exthost] [info] ExtensionService#loadCommonJSModule file:///root/.cshub/lib/vscode/extensions/merge-conflict/dist/extension
[2020-08-03 12:09:05.116] [exthost] [info] ExtensionService#_doActivateExtension vscode.search-result {"startup":true,"extensionId":{"value":"vscode.search-result","_lower":"vscode.search-result"},"activationEvent":"*"}
[2020-08-03 12:09:05.116] [exthost] [info] ExtensionService#loadCommonJSModule file:///root/.cshub/lib/vscode/extensions/search-result/dist/extension.js
[2020-08-03 12:09:05.116] [exthost] [info] ExtensionService#_doActivateExtension vscode.vscode-account {"startup":true,"extensionId":{"value":"vscode.vscode-account","_lower":"vscode.vscode-account"},"activationEvent":"*"}
[2020-08-03 12:09:05.117] [exthost] [info] ExtensionService#loadCommonJSModule file:///root/.cshub/lib/vscode/extensions/vscode-account/dist/extension.js
[2020-08-03 12:09:05.124] [exthost] [info] ExtensionService#_doActivateExtension CoenraadS.bracket-pair-colorizer {"startup":true,"extensionId":{"value":"CoenraadS.bracket-pair-colorizer","_lower":"coenraads.bracket-pair-colorizer"},"activationEvent":"*"}
[2020-08-03 12:09:05.124] [exthost] [info] ExtensionService#loadCommonJSModule file:///root/.local/share/code-server/extensions/coenraads.bracket-pair-colorizer-1.0.20/out/src/extension
[2020-08-03 12:09:05.127] [exthost] [info] ExtensionService#_doActivateExtension Equinusocio.vsc-material-theme {"startup":true,"extensionId":{"value":"Equinusocio.vsc-material-theme","_lower":"equinusocio.vsc-material-theme"},"activationEvent":"*"}
[2020-08-03 12:09:05.128] [exthost] [info] ExtensionService#loadCommonJSModule file:///root/.local/share/code-server/extensions/equinusocio.vsc-material-theme-30.0.0/out/src/material.theme.config
[2020-08-03 12:09:05.131] [exthost] [info] ExtensionService#_doActivateExtension oderwat.indent-rainbow {"startup":true,"extensionId":{"value":"oderwat.indent-rainbow","_lower":"oderwat.indent-rainbow"},"activationEvent":"*"}
[2020-08-03 12:09:05.131] [exthost] [info] ExtensionService#loadCommonJSModule file:///root/.local/share/code-server/extensions/oderwat.indent-rainbow-7.4.0/out/extension
[2020-08-03 12:09:05.132] [exthost] [info] ExtensionService#_doActivateExtension PKief.material-icon-theme {"startup":true,"extensionId":{"value":"PKief.material-icon-theme","_lower":"pkief.material-icon-theme"},"activationEvent":"*"}
[2020-08-03 12:09:05.132] [exthost] [info] ExtensionService#loadCommonJSModule file:///root/.local/share/code-server/extensions/pkief.material-icon-theme-4.0.1/dist/extension
[2020-08-03 12:09:05.280] [exthost] [info] eager extensions activated
[2020-08-03 12:09:05.329] [exthost] [info] ExtensionService#_doActivateExtension vscode.extension-editing {"startup":false,"extensionId":{"value":"vscode.extension-editing","_lower":"vscode.extension-editing"},"activationEvent":"onLanguage:markdown"}
[2020-08-03 12:09:05.329] [exthost] [info] ExtensionService#loadCommonJSModule file:///root/.cshub/lib/vscode/extensions/extension-editing/dist/extension
